# JRE version: OpenJDK Runtime Environment (11.0.15) (build 11.0.15+0-b2043.56-8887301)
# Java VM: OpenJDK 64-Bit Server VM (11.0.15+0-b2043.56-8887301, mixed mode, tiered, compressed oops, g1 gc, windows-amd64)
Heap:
 garbage-first heap   total 342016K, used 254944K [0x0000000080000000, 0x0000000100000000)
  region size 1024K, 22 young (22528K), 1 survivors (1024K)
 Metaspace       used 155848K, capacity 160283K, committed 160464K, reserved 1189888K
  class space    used 19174K, capacity 20844K, committed 20864K, reserved 1048576K
GC Heap History (20 events):
Event: 7333.237 GC heap before
{Heap before GC invocations=233 (full 0):
 garbage-first heap   total 342016K, used 296296K [0x0000000080000000, 0x0000000100000000)
  region size 1024K, 74 young (75776K), 1 survivors (1024K)
 Metaspace       used 155749K, capacity 160186K, committed 160464K, reserved 1189888K
  class space    used 19170K, capacity 20836K, committed 20864K, reserved 1048576K
}
Event: 7333.249 GC heap after
{Heap after GC invocations=234 (full 0):
 garbage-first heap   total 342016K, used 222168K [0x0000000080000000, 0x0000000100000000)
  region size 1024K, 2 young (2048K), 2 survivors (2048K)
 Metaspace       used 155749K, capacity 160186K, committed 160464K, reserved 1189888K
  class space    used 19170K, capacity 20836K, committed 20864K, reserved 1048576K
}
Event: 7335.234 GC heap before
{Heap before GC invocations=235 (full 0):
 garbage-first heap   total 342016K, used 296920K [0x0000000080000000, 0x0000000100000000)
  region size 1024K, 75 young (76800K), 2 survivors (2048K)
 Metaspace       used 155790K, capacity 160206K, committed 160464K, reserved 1189888K
  class space    used 19172K, capacity 20840K, committed 20864K, reserved 1048576K
}
Event: 7335.239 GC heap after
{Heap after GC invocations=236 (full 0):
 garbage-first heap   total 342016K, used 221590K [0x0000000080000000, 0x0000000100000000)
  region size 1024K, 1 young (1024K), 1 survivors (1024K)
 Metaspace       used 155790K, capacity 160206K, committed 160464K, reserved 1189888K
  class space    used 19172K, capacity 20840K, committed 20864K, reserved 1048576K
}
Event: 7335.581 GC heap before
{Heap before GC invocations=236 (full 0):
 garbage-first heap   total 342016K, used 235926K [0x0000000080000000, 0x0000000100000000)
  region size 1024K, 16 young (16384K), 1 survivors (1024K)
 Metaspace       used 155801K, capacity 160212K, committed 160464K, reserved 1189888K
  class space    used 19173K, capacity 20842K, committed 20864K, reserved 1048576K
}
Event: 7335.588 GC heap after
{Heap after GC invocations=237 (full 0):
 garbage-first heap   total 342016K, used 217778K [0x0000000080000000, 0x0000000100000000)
  region size 1024K, 2 young (2048K), 2 survivors (2048K)
 Metaspace       used 155801K, capacity 160212K, committed 160464K, reserved 1189888K
  class space    used 19173K, capacity 20842K, committed 20864K, reserved 1048576K
}
Event: 7337.403 GC heap before
{Heap before GC invocations=237 (full 0):
 garbage-first heap   total 342016K, used 295602K [0x0000000080000000, 0x0000000100000000)
  region size 1024K, 78 young (79872K), 2 survivors (2048K)
 Metaspace       used 155815K, capacity 160280K, committed 160464K, reserved 1189888K
  class space    used 19174K, capacity 20843K, committed 20864K, reserved 1048576K
}
Event: 7337.411 GC heap after
{Heap after GC invocations=238 (full 0):
 garbage-first heap   total 342016K, used 218124K [0x0000000080000000, 0x0000000100000000)
  region size 1024K, 2 young (2048K), 2 survivors (2048K)
 Metaspace       used 155815K, capacity 160280K, committed 160464K, reserved 1189888K
  class space    used 19174K, capacity 20843K, committed 20864K, reserved 1048576K
}
Event: 7340.031 GC heap before
{Heap before GC invocations=239 (full 0):
 garbage-first heap   total 342016K, used 296972K [0x0000000080000000, 0x0000000100000000)
  region size 1024K, 79 young (80896K), 2 survivors (2048K)
 Metaspace       used 155826K, capacity 160283K, committed 160464K, reserved 1189888K
  class space    used 19174K, capacity 20844K, committed 20864K, reserved 1048576K
}
Event: 7340.036 GC heap after
{Heap after GC invocations=240 (full 0):
 garbage-first heap   total 342016K, used 217671K [0x0000000080000000, 0x0000000100000000)
  region size 1024K, 2 young (2048K), 2 survivors (2048K)
 Metaspace       used 155826K, capacity 160283K, committed 160464K, reserved 1189888K
  class space    used 19174K, capacity 20844K, committed 20864K, reserved 1048576K
}
Event: 7340.098 GC heap before
{Heap before GC invocations=240 (full 0):
 garbage-first heap   total 342016K, used 232007K [0x0000000080000000, 0x0000000100000000)
  region size 1024K, 16 young (16384K), 2 survivors (2048K)
 Metaspace       used 155827K, capacity 160283K, committed 160464K, reserved 1189888K
  class space    used 19174K, capacity 20844K, committed 20864K, reserved 1048576K
}
Event: 7340.102 GC heap after
{Heap after GC invocations=241 (full 0):
 garbage-first heap   total 342016K, used 215611K [0x0000000080000000, 0x0000000100000000)
  region size 1024K, 1 young (1024K), 1 survivors (1024K)
 Metaspace       used 155827K, capacity 160283K, committed 160464K, reserved 1189888K
  class space    used 19174K, capacity 20844K, committed 20864K, reserved 1048576K
}
Event: 7340.629 GC heap before
{Heap before GC invocations=241 (full 0):
 garbage-first heap   total 342016K, used 297531K [0x0000000080000000, 0x0000000100000000)
  region size 1024K, 81 young (82944K), 1 survivors (1024K)
 Metaspace       used 155839K, capacity 160283K, committed 160464K, reserved 1189888K
  class space    used 19174K, capacity 20844K, committed 20864K, reserved 1048576K
}
Event: 7340.681 GC heap after
{Heap after GC invocations=242 (full 0):
 garbage-first heap   total 342016K, used 230935K [0x0000000080000000, 0x0000000100000000)
  region size 1024K, 11 young (11264K), 11 survivors (11264K)
 Metaspace       used 155839K, capacity 160283K, committed 160464K, reserved 1189888K
  class space    used 19174K, capacity 20844K, committed 20864K, reserved 1048576K
}
Event: 7341.470 GC heap before
{Heap before GC invocations=243 (full 0):
 garbage-first heap   total 342016K, used 291351K [0x0000000080000000, 0x0000000100000000)
  region size 1024K, 70 young (71680K), 11 survivors (11264K)
 Metaspace       used 155841K, capacity 160283K, committed 160464K, reserved 1189888K
  class space    used 19174K, capacity 20844K, committed 20864K, reserved 1048576K
}
Event: 7341.496 GC heap after
{Heap after GC invocations=244 (full 0):
 garbage-first heap   total 342016K, used 234239K [0x0000000080000000, 0x0000000100000000)
  region size 1024K, 4 young (4096K), 4 survivors (4096K)
 Metaspace       used 155841K, capacity 160283K, committed 160464K, reserved 1189888K
  class space    used 19174K, capacity 20844K, committed 20864K, reserved 1048576K
}
Event: 7341.544 GC heap before
{Heap before GC invocations=244 (full 0):
 garbage-first heap   total 342016K, used 246527K [0x0000000080000000, 0x0000000100000000)
  region size 1024K, 16 young (16384K), 4 survivors (4096K)
 Metaspace       used 155842K, capacity 160283K, committed 160464K, reserved 1189888K
  class space    used 19174K, capacity 20844K, committed 20864K, reserved 1048576K
}
Event: 7341.559 GC heap after
{Heap after GC invocations=245 (full 0):
 garbage-first heap   total 342016K, used 234918K [0x0000000080000000, 0x0000000100000000)
  region size 1024K, 1 young (1024K), 1 survivors (1024K)
 Metaspace       used 155842K, capacity 160283K, committed 160464K, reserved 1189888K
  class space    used 19174K, capacity 20844K, committed 20864K, reserved 1048576K
}
Event: 7341.935 GC heap before
{Heap before GC invocations=245 (full 0):
 garbage-first heap   total 342016K, used 293286K [0x0000000080000000, 0x0000000100000000)
  region size 1024K, 58 young (59392K), 1 survivors (1024K)
 Metaspace       used 155843K, capacity 160283K, committed 160464K, reserved 1189888K
  class space    used 19174K, capacity 20844K, committed 20864K, reserved 1048576K
}
Event: 7341.941 GC heap after
{Heap after GC invocations=246 (full 0):
 garbage-first heap   total 342016K, used 234464K [0x0000000080000000, 0x0000000100000000)
  region size 1024K, 1 young (1024K), 1 survivors (1024K)
 Metaspace       used 155843K, capacity 160283K, committed 160464K, reserved 1189888K
  class space    used 19174K, capacity 20844K, committed 20864K, reserved 1048576K
}

