# JRE version: OpenJDK Runtime Environment (11.0.15) (build 11.0.15+0-b2043.56-8887301)
# Java VM: OpenJDK 64-Bit Server VM (11.0.15+0-b2043.56-8887301, mixed mode, tiered, compressed oops, g1 gc, windows-amd64)
Heap:
 garbage-first heap   total 492544K, used 382765K [0x0000000080000000, 0x0000000100000000)
  region size 1024K, 201 young (205824K), 16 survivors (16384K)
 Metaspace       used 114478K, capacity 117940K, committed 118300K, reserved 1150976K
  class space    used 14737K, capacity 16114K, committed 16236K, reserved 1048576K
GC Heap History (20 events):
Event: 77.641 GC heap before
{Heap before GC invocations=82 (full 0):
 garbage-first heap   total 492544K, used 393727K [0x0000000080000000, 0x0000000100000000)
  region size 1024K, 216 young (221184K), 11 survivors (11264K)
 Metaspace       used 114254K, capacity 117778K, committed 117916K, reserved 1150976K
  class space    used 14721K, capacity 16089K, committed 16108K, reserved 1048576K
}
Event: 77.664 GC heap after
{Heap after GC invocations=83 (full 0):
 garbage-first heap   total 492544K, used 184319K [0x0000000080000000, 0x0000000100000000)
  region size 1024K, 11 young (11264K), 11 survivors (11264K)
 Metaspace       used 114254K, capacity 117778K, committed 117916K, reserved 1150976K
  class space    used 14721K, capacity 16089K, committed 16108K, reserved 1048576K
}
Event: 78.535 GC heap before
{Heap before GC invocations=83 (full 0):
 garbage-first heap   total 492544K, used 429055K [0x0000000080000000, 0x0000000100000000)
  region size 1024K, 250 young (256000K), 11 survivors (11264K)
 Metaspace       used 114259K, capacity 117778K, committed 117916K, reserved 1150976K
  class space    used 14721K, capacity 16089K, committed 16108K, reserved 1048576K
}
Event: 78.559 GC heap after
{Heap after GC invocations=84 (full 0):
 garbage-first heap   total 492544K, used 185855K [0x0000000080000000, 0x0000000100000000)
  region size 1024K, 13 young (13312K), 13 survivors (13312K)
 Metaspace       used 114259K, capacity 117778K, committed 117916K, reserved 1150976K
  class space    used 14721K, capacity 16089K, committed 16108K, reserved 1048576K
}
Event: 79.547 GC heap before
{Heap before GC invocations=84 (full 0):
 garbage-first heap   total 492544K, used 428543K [0x0000000080000000, 0x0000000100000000)
  region size 1024K, 250 young (256000K), 13 survivors (13312K)
 Metaspace       used 114269K, capacity 117778K, committed 117916K, reserved 1150976K
  class space    used 14721K, capacity 16089K, committed 16108K, reserved 1048576K
}
Event: 79.573 GC heap after
{Heap after GC invocations=85 (full 0):
 garbage-first heap   total 492544K, used 186367K [0x0000000080000000, 0x0000000100000000)
  region size 1024K, 13 young (13312K), 13 survivors (13312K)
 Metaspace       used 114269K, capacity 117778K, committed 117916K, reserved 1150976K
  class space    used 14721K, capacity 16089K, committed 16108K, reserved 1048576K
}
Event: 80.690 GC heap before
{Heap before GC invocations=85 (full 0):
 garbage-first heap   total 492544K, used 429055K [0x0000000080000000, 0x0000000100000000)
  region size 1024K, 250 young (256000K), 13 survivors (13312K)
 Metaspace       used 114281K, capacity 117786K, committed 117916K, reserved 1150976K
  class space    used 14723K, capacity 16092K, committed 16108K, reserved 1048576K
}
Event: 80.718 GC heap after
{Heap after GC invocations=86 (full 0):
 garbage-first heap   total 492544K, used 187903K [0x0000000080000000, 0x0000000100000000)
  region size 1024K, 15 young (15360K), 15 survivors (15360K)
 Metaspace       used 114281K, capacity 117786K, committed 117916K, reserved 1150976K
  class space    used 14723K, capacity 16092K, committed 16108K, reserved 1048576K
}
Event: 84.732 GC heap before
{Heap before GC invocations=86 (full 0):
 garbage-first heap   total 492544K, used 426495K [0x0000000080000000, 0x0000000100000000)
  region size 1024K, 248 young (253952K), 15 survivors (15360K)
 Metaspace       used 114283K, capacity 117787K, committed 117916K, reserved 1150976K
  class space    used 14723K, capacity 16092K, committed 16108K, reserved 1048576K
}
Event: 84.773 GC heap after
{Heap after GC invocations=87 (full 0):
 garbage-first heap   total 492544K, used 188415K [0x0000000080000000, 0x0000000100000000)
  region size 1024K, 15 young (15360K), 15 survivors (15360K)
 Metaspace       used 114283K, capacity 117787K, committed 117916K, reserved 1150976K
  class space    used 14723K, capacity 16092K, committed 16108K, reserved 1048576K
}
Event: 88.102 GC heap before
{Heap before GC invocations=87 (full 0):
 garbage-first heap   total 492544K, used 427007K [0x0000000080000000, 0x0000000100000000)
  region size 1024K, 248 young (253952K), 15 survivors (15360K)
 Metaspace       used 114297K, capacity 117799K, committed 117916K, reserved 1150976K
  class space    used 14724K, capacity 16094K, committed 16108K, reserved 1048576K
}
Event: 88.134 GC heap after
{Heap after GC invocations=88 (full 0):
 garbage-first heap   total 492544K, used 189439K [0x0000000080000000, 0x0000000100000000)
  region size 1024K, 16 young (16384K), 16 survivors (16384K)
 Metaspace       used 114297K, capacity 117799K, committed 117916K, reserved 1150976K
  class space    used 14724K, capacity 16094K, committed 16108K, reserved 1048576K
}
Event: 89.863 GC heap before
{Heap before GC invocations=88 (full 0):
 garbage-first heap   total 492544K, used 428031K [0x0000000080000000, 0x0000000100000000)
  region size 1024K, 247 young (252928K), 16 survivors (16384K)
 Metaspace       used 114334K, capacity 117879K, committed 117916K, reserved 1150976K
  class space    used 14727K, capacity 16099K, committed 16108K, reserved 1048576K
}
Event: 89.900 GC heap after
{Heap after GC invocations=89 (full 0):
 garbage-first heap   total 492544K, used 187816K [0x0000000080000000, 0x0000000100000000)
  region size 1024K, 9 young (9216K), 9 survivors (9216K)
 Metaspace       used 114334K, capacity 117879K, committed 117916K, reserved 1150976K
  class space    used 14727K, capacity 16099K, committed 16108K, reserved 1048576K
}
Event: 93.729 GC heap before
{Heap before GC invocations=89 (full 0):
 garbage-first heap   total 492544K, used 436648K [0x0000000080000000, 0x0000000100000000)
  region size 1024K, 247 young (252928K), 9 survivors (9216K)
 Metaspace       used 114438K, capacity 117928K, committed 118300K, reserved 1150976K
  class space    used 14735K, capacity 16110K, committed 16236K, reserved 1048576K
}
Event: 93.764 GC heap after
{Heap after GC invocations=90 (full 0):
 garbage-first heap   total 492544K, used 191487K [0x0000000080000000, 0x0000000100000000)
  region size 1024K, 12 young (12288K), 12 survivors (12288K)
 Metaspace       used 114438K, capacity 117928K, committed 118300K, reserved 1150976K
  class space    used 14735K, capacity 16110K, committed 16236K, reserved 1048576K
}
Event: 96.528 GC heap before
{Heap before GC invocations=90 (full 0):
 garbage-first heap   total 492544K, used 428031K [0x0000000080000000, 0x0000000100000000)
  region size 1024K, 244 young (249856K), 12 survivors (12288K)
 Metaspace       used 114457K, capacity 117940K, committed 118300K, reserved 1150976K
  class space    used 14737K, capacity 16114K, committed 16236K, reserved 1048576K
}
Event: 96.562 GC heap after
{Heap after GC invocations=91 (full 0):
 garbage-first heap   total 492544K, used 189136K [0x0000000080000000, 0x0000000100000000)
  region size 1024K, 10 young (10240K), 10 survivors (10240K)
 Metaspace       used 114457K, capacity 117940K, committed 118300K, reserved 1150976K
  class space    used 14737K, capacity 16114K, committed 16236K, reserved 1048576K
}
Event: 99.773 GC heap before
{Heap before GC invocations=91 (full 0):
 garbage-first heap   total 492544K, used 428752K [0x0000000080000000, 0x0000000100000000)
  region size 1024K, 244 young (249856K), 10 survivors (10240K)
 Metaspace       used 114476K, capacity 117940K, committed 118300K, reserved 1150976K
  class space    used 14737K, capacity 16114K, committed 16236K, reserved 1048576K
}
Event: 99.817 GC heap after
{Heap after GC invocations=92 (full 0):
 garbage-first heap   total 492544K, used 195373K [0x0000000080000000, 0x0000000100000000)
  region size 1024K, 16 young (16384K), 16 survivors (16384K)
 Metaspace       used 114476K, capacity 117940K, committed 118300K, reserved 1150976K
  class space    used 14737K, capacity 16114K, committed 16236K, reserved 1048576K
}

